<?xml version="1.0" encoding="UTF-8"?>
<!-- Generated by org.testng.reporters.JUnitReportReporter -->
<testsuite hostname="LAPTOP-DU46RA1P" failures="0" tests="5" name="automationScripts.AmazonFeatureTests" time="22.941" errors="0" timestamp="2023-04-01T21:07:45 IST" skipped="1">
  <testcase classname="automationScripts.AmazonFeatureTests" name="verifyTitleOfThePage" time="0.092"/>
  <system-out/>
  <testcase classname="automationScripts.AmazonFeatureTests" name="searchProduct" time="18.221"/>
  <system-out/>
  <testcase classname="automationScripts.AmazonFeatureTests" name="getNthProduct" time="0.169"/>
  <system-out/>
  <testcase classname="automationScripts.AmazonFeatureTests" name="searchAllProductsViaScrollDown" time="4.459"/>
  <system-out/>
  <testcase classname="automationScripts.AmazonFeatureTests" name="getAllProducts">
    <skipped/>
  </testcase> <!-- getAllProducts -->
  <system-out/>
</testsuite> <!-- automationScripts.AmazonFeatureTests -->
